USC00110072.txt	-0.272035808186	-0.285832854775	0.214481552042
USC00110187.txt	nan	nan	nan
USC00110338.txt	nan	nan	nan
USC00111280.txt	nan	nan	nan
USC00111436.txt	nan	nan	nan
USC00112140.txt	nan	nan	nan
USC00112193.txt	nan	nan	nan
USC00112348.txt	nan	nan	nan
USC00112483.txt	nan	nan	nan
USC00113335.txt	nan	nan	nan
USC00113879.txt	nan	nan	nan
USC00114108.txt	nan	nan	nan
USC00114198.txt	nan	nan	nan
USC00114442.txt	nan	nan	nan
USC00114823.txt	nan	nan	nan
USC00115079.txt	nan	nan	nan
USC00115326.txt	nan	nan	nan
USC00115515.txt	nan	nan	nan
USC00115712.txt	nan	nan	nan
USC00115768.txt	nan	nan	nan
USC00115833.txt	nan	nan	nan
USC00115901.txt	nan	nan	nan
USC00115943.txt	nan	nan	nan
USC00116446.txt	nan	nan	nan
USC00116526.txt	nan	nan	nan
USC00116558.txt	nan	nan	nan
USC00116579.txt	nan	nan	nan
USC00116610.txt	nan	nan	nan
USC00116738.txt	nan	nan	nan
USC00116910.txt	nan	nan	nan
USC00117551.txt	nan	nan	nan
USC00118147.txt	nan	nan	nan
USC00118740.txt	nan	nan	nan
USC00118916.txt	nan	nan	nan
USC00119241.txt	nan	nan	nan
USC00119354.txt	nan	nan	nan
USC00120177.txt	nan	nan	nan
USC00120200.txt	nan	nan	nan
USC00120676.txt	nan	nan	nan
USC00120784.txt	nan	nan	nan
USC00121030.txt	nan	nan	nan
USC00121229.txt	nan	nan	nan
USC00121425.txt	nan	nan	nan
USC00121747.txt	nan	nan	nan
USC00121873.txt	nan	nan	nan
USC00122149.txt	nan	nan	nan
USC00123418.txt	nan	nan	nan
USC00123513.txt	nan	nan	nan
USC00123527.txt	nan	nan	nan
USC00124008.txt	nan	nan	nan
USC00124181.txt	nan	nan	nan
USC00124837.txt	nan	nan	nan
USC00125237.txt	nan	nan	nan
USC00125337.txt	nan	nan	nan
USC00126001.txt	nan	nan	nan
USC00126580.txt	nan	nan	nan
USC00126705.txt	nan	nan	nan
USC00127125.txt	nan	nan	nan
USC00127298.txt	nan	nan	nan
USC00127482.txt	nan	nan	nan
USC00127522.txt	nan	nan	nan
USC00127646.txt	nan	nan	nan
USC00127755.txt	nan	nan	nan
USC00127875.txt	nan	nan	nan
USC00127935.txt	nan	nan	nan
USC00128036.txt	nan	nan	nan
USC00129080.txt	nan	nan	nan
USC00129113.txt	nan	nan	nan
USC00129253.txt	nan	nan	nan
USC00129511.txt	nan	nan	nan
USC00129557.txt	nan	nan	nan
USC00129670.txt	nan	nan	nan
USC00130112.txt	nan	nan	nan
USC00130133.txt	nan	nan	nan
USC00130600.txt	nan	nan	nan
USC00131402.txt	nan	nan	nan
USC00131533.txt	nan	nan	nan
USC00131635.txt	nan	nan	nan
USC00132724.txt	nan	nan	nan
USC00132789.txt	nan	nan	nan
USC00132864.txt	nan	nan	nan
USC00132977.txt	nan	nan	nan
USC00132999.txt	nan	nan	nan
USC00134063.txt	nan	nan	nan
USC00134142.txt	nan	nan	nan
USC00134735.txt	nan	nan	nan
USC00134894.txt	nan	nan	nan
USC00135769.txt	nan	nan	nan
USC00135796.txt	nan	nan	nan
USC00135952.txt	nan	nan	nan
USC00137147.txt	nan	nan	nan
USC00137161.txt	nan	nan	nan
USC00137979.txt	nan	nan	nan
USC00138296.txt	nan	nan	nan
USC00138688.txt	nan	nan	nan
USC00250070.txt	nan	nan	nan
USC00250130.txt	nan	nan	nan
USC00250375.txt	nan	nan	nan
USC00250420.txt	nan	nan	nan
USC00250435.txt	nan	nan	nan
USC00250622.txt	nan	nan	nan
USC00250640.txt	nan	nan	nan
USC00251145.txt	nan	nan	nan
USC00251200.txt	nan	nan	nan
USC00252020.txt	nan	nan	nan
USC00252100.txt	nan	nan	nan
USC00252205.txt	nan	nan	nan
USC00252820.txt	nan	nan	nan
USC00252840.txt	nan	nan	nan
USC00253035.txt	nan	nan	nan
USC00253175.txt	nan	nan	nan
USC00253185.txt	nan	nan	nan
USC00253365.txt	nan	nan	nan
USC00253615.txt	nan	nan	nan
USC00253630.txt	nan	nan	nan
USC00253660.txt	nan	nan	nan
USC00253715.txt	nan	nan	nan
USC00253735.txt	nan	nan	nan
USC00253910.txt	nan	nan	nan
USC00254110.txt	nan	nan	nan
USC00254440.txt	nan	nan	nan
USC00254900.txt	nan	nan	nan
USC00254985.txt	nan	nan	nan
USC00255080.txt	nan	nan	nan
USC00255310.txt	nan	nan	nan
USC00255470.txt	nan	nan	nan
USC00255565.txt	nan	nan	nan
USC00256040.txt	nan	nan	nan
USC00256135.txt	nan	nan	nan
USC00256570.txt	nan	nan	nan
USC00256970.txt	nan	nan	nan
USC00257070.txt	nan	nan	nan
USC00257515.txt	nan	nan	nan
USC00257715.txt	nan	nan	nan
USC00258133.txt	nan	nan	nan
USC00258395.txt	nan	nan	nan
USC00258465.txt	nan	nan	nan
USC00258480.txt	nan	nan	nan
USC00258915.txt	nan	nan	nan
USC00259090.txt	nan	nan	nan
USC00259510.txt	nan	nan	nan
USC00331072.txt	nan	nan	nan
USC00331152.txt	nan	nan	nan
USC00331541.txt	nan	nan	nan
USC00331592.txt	nan	nan	nan
USC00331890.txt	nan	nan	nan
USC00332098.txt	nan	nan	nan
USC00332119.txt	nan	nan	nan
USC00332791.txt	nan	nan	nan
USC00333375.txt	nan	nan	nan
USC00333758.txt	nan	nan	nan
USC00333780.txt	nan	nan	nan
USC00334189.txt	nan	nan	nan
USC00335041.txt	nan	nan	nan
USC00335297.txt	nan	nan	nan
USC00335315.txt	nan	nan	nan
USC00336118.txt	nan	nan	nan
USC00336196.txt	nan	nan	nan
USC00336600.txt	nan	nan	nan
USC00336781.txt	nan	nan	nan
USC00338313.txt	nan	nan	nan
USC00338534.txt	nan	nan	nan
USC00338552.txt	nan	nan	nan
USC00338769.txt	nan	nan	nan
USC00338822.txt	nan	nan	nan
USC00338830.txt	nan	nan	nan
USC00339312.txt	nan	nan	nan
